<?xml version="1.0" encoding="UTF-8"?>
<!-- Generated by org.testng.reporters.JUnitReportReporter -->
<testsuite hostname="DESKTOP-VV58H2J" failures="0" tests="1" name="driverFactory.Driverscript" time="27.246" errors="0" timestamp="2023-04-16T18:42:43 IST" skipped="0">
  <testcase classname="driverFactory.Driverscript" name="startTest" time="27.246"/>
  <system-out>
    <![CDATA[No of rows are::10
Login success::  dashboard      http://orangehrm.qedgetech.com/symfony/web/index.php/dashboard
Invalid credentials    dashboard    http://orangehrm.qedgetech.com/symfony/web/index.php/auth/validateCredentials
Login success::  dashboard      http://orangehrm.qedgetech.com/symfony/web/index.php/dashboard
Invalid credentials    dashboard    http://orangehrm.qedgetech.com/symfony/web/index.php/auth/validateCredentials
Login success::  dashboard      http://orangehrm.qedgetech.com/symfony/web/index.php/dashboard
Username cannot be empty    dashboard    http://orangehrm.qedgetech.com/symfony/web/index.php/auth/login
Login success::  dashboard      http://orangehrm.qedgetech.com/symfony/web/index.php/dashboard
Username cannot be empty    dashboard    http://orangehrm.qedgetech.com/symfony/web/index.php/auth/login
Login success::  dashboard      http://orangehrm.qedgetech.com/symfony/web/index.php/dashboard
Password cannot be empty    dashboard    http://orangehrm.qedgetech.com/symfony/web/index.php/auth/login]]>
  </system-out>
</testsuite> <!-- driverFactory.Driverscript -->
