<?xml version="1.0" encoding="UTF-8"?>
<!-- Generated by org.testng.reporters.JUnitReportReporter -->
<testsuite hostname="DESKTOP-VV58H2J" failures="0" tests="1" name="driverFactory.TestScript" time="3.489" errors="0" timestamp="2023-04-16T18:42:43 IST" skipped="0">
  <testcase classname="driverFactory.TestScript" name="StartTest" time="3.489"/>
  <system-out>
    <![CDATA[Add Employee Successfully::    19738     19738
Result is::true]]>
  </system-out>
</testsuite> <!-- driverFactory.TestScript -->
