<?xml version="1.0" encoding="UTF-8"?>
<!-- Generated by org.testng.reporters.JUnitReportReporter -->
<testsuite hostname="DESKTOP-VV58H2J" failures="0" tests="1" name="driverFactory.TestScript1" time="15.797" errors="0" timestamp="2023-04-16T18:42:43 IST" skipped="0">
  <testcase classname="driverFactory.TestScript1" name="StartTest" time="15.797"/>
  <system-out>
    <![CDATA[Add Employee Successfully::    19739     19739
Add Employee Successfully::    19740     19740
Add Employee Successfully::    19741     19741
Add Employee Successfully::    19742     19742
Add Employee Successfully::    19743     19743]]>
  </system-out>
</testsuite> <!-- driverFactory.TestScript1 -->
